[DEBUG] 2026-04-22 11:43:10.297 [TestNG-test-Test-4] PackageRelationshipCollection - Parsing relationship: /xl/_rels/workbook.xml.rels
[DEBUG] 2026-04-22 11:43:10.297 [TestNG-test-Test-1] PackageRelationshipCollection - Parsing relationship: /xl/_rels/workbook.xml.rels
[DEBUG] 2026-04-22 11:43:10.297 [TestNG-test-Test-3] PackageRelationshipCollection - Parsing relationship: /xl/_rels/workbook.xml.rels
[DEBUG] 2026-04-22 11:43:10.297 [TestNG-test-Test-2] PackageRelationshipCollection - Parsing relationship: /xl/_rels/workbook.xml.rels
[DEBUG] 2026-04-22 11:43:10.309 [TestNG-test-Test-2] PackageRelationshipCollection - Parsing relationship: /xl/worksheets/_rels/sheet1.xml.rels
[DEBUG] 2026-04-22 11:43:10.309 [TestNG-test-Test-3] PackageRelationshipCollection - Parsing relationship: /xl/worksheets/_rels/sheet1.xml.rels
[DEBUG] 2026-04-22 11:43:10.309 [TestNG-test-Test-1] PackageRelationshipCollection - Parsing relationship: /xl/worksheets/_rels/sheet1.xml.rels
[DEBUG] 2026-04-22 11:43:10.309 [TestNG-test-Test-4] PackageRelationshipCollection - Parsing relationship: /xl/worksheets/_rels/sheet1.xml.rels
[DEBUG] 2026-04-22 11:43:10.312 [TestNG-test-Test-3] PackageRelationshipCollection - Parsing relationship: /xl/worksheets/_rels/sheet2.xml.rels
[DEBUG] 2026-04-22 11:43:10.312 [TestNG-test-Test-1] PackageRelationshipCollection - Parsing relationship: /xl/worksheets/_rels/sheet2.xml.rels
[DEBUG] 2026-04-22 11:43:10.312 [TestNG-test-Test-2] PackageRelationshipCollection - Parsing relationship: /xl/worksheets/_rels/sheet2.xml.rels
[DEBUG] 2026-04-22 11:43:10.313 [TestNG-test-Test-4] PackageRelationshipCollection - Parsing relationship: /xl/worksheets/_rels/sheet2.xml.rels
[DEBUG] 2026-04-22 11:43:10.314 [TestNG-test-Test-2] PackageRelationshipCollection - Parsing relationship: /_rels/.rels
[DEBUG] 2026-04-22 11:43:10.314 [TestNG-test-Test-1] PackageRelationshipCollection - Parsing relationship: /_rels/.rels
[DEBUG] 2026-04-22 11:43:10.315 [TestNG-test-Test-3] PackageRelationshipCollection - Parsing relationship: /_rels/.rels
[DEBUG] 2026-04-22 11:43:10.317 [TestNG-test-Test-4] PackageRelationshipCollection - Parsing relationship: /_rels/.rels
[INFO ] 2026-04-22 11:43:11.912 [TestNG-PoolService-1] DemoNinja - Starting the test
[INFO ] 2026-04-22 11:43:11.912 [TestNG-PoolService-1] DemoNinja - Starting the test
[INFO ] 2026-04-22 11:43:11.912 [TestNG-PoolService-1] DemoNinja - Starting the test
[INFO ] 2026-04-22 11:43:11.913 [TestNG-PoolService-1] DemoNinja - Starting the test
[INFO ] 2026-04-22 11:43:11.912 [TestNG-PoolService-2] DemoNinja - Starting the test
[DEBUG] 2026-04-22 11:48:21.477 [TestNG-test-Test-1] PackageRelationshipCollection - Parsing relationship: /xl/_rels/workbook.xml.rels
[DEBUG] 2026-04-22 11:48:21.477 [TestNG-test-Test-2] PackageRelationshipCollection - Parsing relationship: /xl/_rels/workbook.xml.rels
[DEBUG] 2026-04-22 11:48:21.477 [TestNG-test-Test-4] PackageRelationshipCollection - Parsing relationship: /xl/_rels/workbook.xml.rels
[DEBUG] 2026-04-22 11:48:21.477 [TestNG-test-Test-3] PackageRelationshipCollection - Parsing relationship: /xl/_rels/workbook.xml.rels
[DEBUG] 2026-04-22 11:48:21.489 [TestNG-test-Test-1] PackageRelationshipCollection - Parsing relationship: /xl/worksheets/_rels/sheet1.xml.rels
[DEBUG] 2026-04-22 11:48:21.489 [TestNG-test-Test-2] PackageRelationshipCollection - Parsing relationship: /xl/worksheets/_rels/sheet1.xml.rels
[DEBUG] 2026-04-22 11:48:21.489 [TestNG-test-Test-3] PackageRelationshipCollection - Parsing relationship: /xl/worksheets/_rels/sheet1.xml.rels
[DEBUG] 2026-04-22 11:48:21.489 [TestNG-test-Test-4] PackageRelationshipCollection - Parsing relationship: /xl/worksheets/_rels/sheet1.xml.rels
[DEBUG] 2026-04-22 11:48:21.491 [TestNG-test-Test-1] PackageRelationshipCollection - Parsing relationship: /xl/worksheets/_rels/sheet2.xml.rels
[DEBUG] 2026-04-22 11:48:21.491 [TestNG-test-Test-3] PackageRelationshipCollection - Parsing relationship: /xl/worksheets/_rels/sheet2.xml.rels
[DEBUG] 2026-04-22 11:48:21.491 [TestNG-test-Test-2] PackageRelationshipCollection - Parsing relationship: /xl/worksheets/_rels/sheet2.xml.rels
[DEBUG] 2026-04-22 11:48:21.491 [TestNG-test-Test-4] PackageRelationshipCollection - Parsing relationship: /xl/worksheets/_rels/sheet2.xml.rels
[DEBUG] 2026-04-22 11:48:21.493 [TestNG-test-Test-1] PackageRelationshipCollection - Parsing relationship: /_rels/.rels
[DEBUG] 2026-04-22 11:48:21.494 [TestNG-test-Test-3] PackageRelationshipCollection - Parsing relationship: /_rels/.rels
[DEBUG] 2026-04-22 11:48:21.495 [TestNG-test-Test-2] PackageRelationshipCollection - Parsing relationship: /_rels/.rels
[DEBUG] 2026-04-22 11:48:21.497 [TestNG-test-Test-4] PackageRelationshipCollection - Parsing relationship: /_rels/.rels
[INFO ] 2026-04-22 11:48:22.396 [TestNG-PoolService-1] DemoNinja - Starting the test
[INFO ] 2026-04-22 11:48:22.396 [TestNG-PoolService-1] DemoNinja - Starting the test
[INFO ] 2026-04-22 11:48:22.396 [TestNG-PoolService-1] DemoNinja - Starting the test
[INFO ] 2026-04-22 11:48:22.396 [TestNG-PoolService-1] DemoNinja - Starting the test
[INFO ] 2026-04-22 11:48:22.396 [TestNG-PoolService-2] DemoNinja - Starting the test
[INFO ] 2026-04-22 11:48:35.504 [TestNG-PoolService-1] DemoNinja - Navigating to login page
[INFO ] 2026-04-22 11:48:37.884 [TestNG-PoolService-1] DemoNinja - login with the email :2k22aids24@kiot.ac.in and password :titoo123
[INFO ] 2026-04-22 11:48:41.613 [TestNG-PoolService-2] DemoNinja - Navigating to login page
[INFO ] 2026-04-22 11:48:42.127 [TestNG-PoolService-2] DemoNinja - login with the email :titooram123@gmail.com and password :sriram123
[DEBUG] 2026-04-22 11:54:58.915 [TestNG-test-Test-2] PackageRelationshipCollection - Parsing relationship: /xl/_rels/workbook.xml.rels
[DEBUG] 2026-04-22 11:54:58.915 [TestNG-test-Test-4] PackageRelationshipCollection - Parsing relationship: /xl/_rels/workbook.xml.rels
[DEBUG] 2026-04-22 11:54:58.915 [TestNG-test-Test-1] PackageRelationshipCollection - Parsing relationship: /xl/_rels/workbook.xml.rels
[DEBUG] 2026-04-22 11:54:58.915 [TestNG-test-Test-3] PackageRelationshipCollection - Parsing relationship: /xl/_rels/workbook.xml.rels
[DEBUG] 2026-04-22 11:54:58.926 [TestNG-test-Test-3] PackageRelationshipCollection - Parsing relationship: /xl/worksheets/_rels/sheet1.xml.rels
[DEBUG] 2026-04-22 11:54:58.926 [TestNG-test-Test-4] PackageRelationshipCollection - Parsing relationship: /xl/worksheets/_rels/sheet1.xml.rels
[DEBUG] 2026-04-22 11:54:58.926 [TestNG-test-Test-2] PackageRelationshipCollection - Parsing relationship: /xl/worksheets/_rels/sheet1.xml.rels
[DEBUG] 2026-04-22 11:54:58.927 [TestNG-test-Test-1] PackageRelationshipCollection - Parsing relationship: /xl/worksheets/_rels/sheet1.xml.rels
[DEBUG] 2026-04-22 11:54:58.928 [TestNG-test-Test-1] PackageRelationshipCollection - Parsing relationship: /xl/worksheets/_rels/sheet2.xml.rels
[DEBUG] 2026-04-22 11:54:58.929 [TestNG-test-Test-2] PackageRelationshipCollection - Parsing relationship: /xl/worksheets/_rels/sheet2.xml.rels
[DEBUG] 2026-04-22 11:54:58.929 [TestNG-test-Test-3] PackageRelationshipCollection - Parsing relationship: /xl/worksheets/_rels/sheet2.xml.rels
[DEBUG] 2026-04-22 11:54:58.929 [TestNG-test-Test-4] PackageRelationshipCollection - Parsing relationship: /xl/worksheets/_rels/sheet2.xml.rels
[DEBUG] 2026-04-22 11:54:58.930 [TestNG-test-Test-1] PackageRelationshipCollection - Parsing relationship: /_rels/.rels
[DEBUG] 2026-04-22 11:54:58.931 [TestNG-test-Test-3] PackageRelationshipCollection - Parsing relationship: /_rels/.rels
[DEBUG] 2026-04-22 11:54:58.932 [TestNG-test-Test-4] PackageRelationshipCollection - Parsing relationship: /_rels/.rels
[DEBUG] 2026-04-22 11:54:58.933 [TestNG-test-Test-2] PackageRelationshipCollection - Parsing relationship: /_rels/.rels
[INFO ] 2026-04-22 11:54:59.823 [TestNG-PoolService-1] DemoNinja - Starting the test
[INFO ] 2026-04-22 11:54:59.823 [TestNG-PoolService-1] DemoNinja - Starting the test
[INFO ] 2026-04-22 11:54:59.823 [TestNG-PoolService-2] DemoNinja - Starting the test
[INFO ] 2026-04-22 11:54:59.823 [TestNG-PoolService-1] DemoNinja - Starting the test
[INFO ] 2026-04-22 11:54:59.823 [TestNG-PoolService-1] DemoNinja - Starting the test
[INFO ] 2026-04-22 11:55:20.801 [TestNG-PoolService-2] DemoNinja - Navigating to login page
[INFO ] 2026-04-22 11:55:21.386 [TestNG-PoolService-2] DemoNinja - login with the email :titooram123@gmail.com and password :sriram123
[DEBUG] 2026-04-22 12:16:26.602 [TestNG-test-Test-4] PackageRelationshipCollection - Parsing relationship: /xl/_rels/workbook.xml.rels
[DEBUG] 2026-04-22 12:16:26.602 [TestNG-test-Test-3] PackageRelationshipCollection - Parsing relationship: /xl/_rels/workbook.xml.rels
[DEBUG] 2026-04-22 12:16:26.602 [TestNG-test-Test-1] PackageRelationshipCollection - Parsing relationship: /xl/_rels/workbook.xml.rels
[DEBUG] 2026-04-22 12:16:26.602 [TestNG-test-Test-2] PackageRelationshipCollection - Parsing relationship: /xl/_rels/workbook.xml.rels
[DEBUG] 2026-04-22 12:16:26.615 [TestNG-test-Test-3] PackageRelationshipCollection - Parsing relationship: /xl/worksheets/_rels/sheet1.xml.rels
[DEBUG] 2026-04-22 12:16:26.616 [TestNG-test-Test-1] PackageRelationshipCollection - Parsing relationship: /xl/worksheets/_rels/sheet1.xml.rels
[DEBUG] 2026-04-22 12:16:26.615 [TestNG-test-Test-4] PackageRelationshipCollection - Parsing relationship: /xl/worksheets/_rels/sheet1.xml.rels
[DEBUG] 2026-04-22 12:16:26.617 [TestNG-test-Test-3] PackageRelationshipCollection - Parsing relationship: /xl/worksheets/_rels/sheet2.xml.rels
[DEBUG] 2026-04-22 12:16:26.616 [TestNG-test-Test-2] PackageRelationshipCollection - Parsing relationship: /xl/worksheets/_rels/sheet1.xml.rels
[DEBUG] 2026-04-22 12:16:26.620 [TestNG-test-Test-4] PackageRelationshipCollection - Parsing relationship: /xl/worksheets/_rels/sheet2.xml.rels
[DEBUG] 2026-04-22 12:16:26.620 [TestNG-test-Test-3] PackageRelationshipCollection - Parsing relationship: /_rels/.rels
[DEBUG] 2026-04-22 12:16:26.618 [TestNG-test-Test-1] PackageRelationshipCollection - Parsing relationship: /xl/worksheets/_rels/sheet2.xml.rels
[DEBUG] 2026-04-22 12:16:26.622 [TestNG-test-Test-4] PackageRelationshipCollection - Parsing relationship: /_rels/.rels
[DEBUG] 2026-04-22 12:16:26.624 [TestNG-test-Test-1] PackageRelationshipCollection - Parsing relationship: /_rels/.rels
[DEBUG] 2026-04-22 12:16:26.628 [TestNG-test-Test-2] PackageRelationshipCollection - Parsing relationship: /xl/worksheets/_rels/sheet2.xml.rels
[DEBUG] 2026-04-22 12:16:26.632 [TestNG-test-Test-2] PackageRelationshipCollection - Parsing relationship: /_rels/.rels
[INFO ] 2026-04-22 12:16:27.532 [TestNG-PoolService-1] DemoNinja - Starting the test
[INFO ] 2026-04-22 12:16:27.532 [TestNG-PoolService-1] DemoNinja - Starting the test
[INFO ] 2026-04-22 12:16:27.532 [TestNG-PoolService-1] DemoNinja - Starting the test
[INFO ] 2026-04-22 12:16:27.532 [TestNG-PoolService-2] DemoNinja - Starting the test
[INFO ] 2026-04-22 12:16:27.532 [TestNG-PoolService-1] DemoNinja - Starting the test
